Log file open, 09/22/16 02:38:37
LogConsoleManager:Warning: Console object named 'D3D12.EnableMultiEngine' already exists but is being registered again, but we weren't expected it to be! (FConsoleManager::AddConsoleObject)
LogConsoleManager:Warning: Console object named 'D3D12.CommandListBatchingMode' already exists but is being registered again, but we weren't expected it to be! (FConsoleManager::AddConsoleObject)
LogModuleManager:Warning: ModuleManager: Module 'HTTPChunkInstaller' not found - its StaticallyLinkedModuleInitializers function is null.
LogPlatformFile: Not using cached read wrapper
LogInit:Display: RandInit(1909592503) SRandInit(1909592505).
LogTaskGraph: Started task graph with 4 named threads and 7 total threads.
LogStats: Stats thread started at 0.235914
LogInit: Version: 4.11.2-2946394+++UE4+Release-4.11
LogInit: API Version: 2927265
LogInit: Compiled (64-bit): Apr 18 2016 02:20:52
LogInit: Compiled with Visual C++: 19.00.23026.00
LogInit: Build Configuration: Development
LogInit: Branch Name: ++UE4+Release-4.11
LogInit: Command line: 
LogInit: Base directory: C:/Users/Mario/Desktop/TestAbgabe/TestBachelor/WindowsNoEditor/BachelorarbeitC/Binaries/Win64/
LogInit: Installed Engine Build: 0
LogInit: Using libcurl 7.41.0
LogInit:  - built for x86_64-pc-win32
LogInit:  - supports SSL with WinSSL
LogInit:  - other features:
LogInit:      CURL_VERSION_SSL
LogInit:      CURL_VERSION_IPV6
LogInit:      CURL_VERSION_ASYNCHDNS
LogInit:      CURL_VERSION_LARGEFILE
LogInit:      CURL_VERSION_IDN
LogInit:  CurlRequestOptions (configurable via config and command line):
LogInit:  - bVerifyPeer = true  - Libcurl will verify peer certificate
LogInit:  - bUseHttpProxy = false  - Libcurl will NOT use HTTP proxy
LogInit:  - bDontReuseConnections = false  - Libcurl will reuse connections
LogInit:  - CertBundlePath = nullptr  - Libcurl will use whatever was configured at build time.
LogInit: Presizing for max 2097152 objects, including 0 objects not considered by GC, pre-allocating 0 bytes for permanent pool.
LogInit: Object subsystem initialized
[2016.09.22-00.38.38:006][  0]LogInit: Selected Device Profile: [WindowsNoEditor]
[2016.09.22-00.38.38:006][  0]LogInit: Applying CVar settings loaded from the selected device profile: [WindowsNoEditor]
[2016.09.22-00.38.38:018][  0]LogInit: Computer: MARIO-PC
[2016.09.22-00.38.38:018][  0]LogInit: User: Mario
[2016.09.22-00.38.38:018][  0]LogInit: CPU Page size=65536, Cores=4
[2016.09.22-00.38.38:018][  0]LogInit: High frequency timer resolution =3.924301 MHz
[2016.09.22-00.38.38:018][  0]LogMemory: Memory total: Physical=16.0GB (16GB approx)
[2016.09.22-00.38.38:019][  0]LogMemory: Platform Memory Stats for WindowsNoEditor
[2016.09.22-00.38.38:019][  0]LogMemory: Process Physical Memory: 68.17 MB used, 68.17 MB peak
[2016.09.22-00.38.38:019][  0]LogMemory: Process Virtual Memory: 84.88 MB used, 84.88 MB peak
[2016.09.22-00.38.38:019][  0]LogMemory: Physical Memory: 6440.15 MB used, 16344.70 MB total
[2016.09.22-00.38.38:019][  0]LogMemory: Virtual Memory: 290.58 MB used, 134217728.00 MB total
[2016.09.22-00.38.38:441][  0]LogTextLocalizationManager: No translations for ('de-DE') exist, falling back to 'en' for localization and internationalization data.
[2016.09.22-00.38.38:611][  0]LogD3D11RHI: D3D11 adapters:
[2016.09.22-00.38.38:626][  0]LogD3D11RHI:    0. 'AMD Radeon HD 7900 Series' (Feature Level 11_0)
[2016.09.22-00.38.38:626][  0]LogD3D11RHI:       3056MB of dedicated video memory, 0MB of dedicated system memory, and 8172MB of shared system memory, 2 output[s]
[2016.09.22-00.38.38:628][  0]LogD3D11RHI:    1. 'Microsoft Basic Render Driver' (Feature Level 11_0)
[2016.09.22-00.38.38:628][  0]LogD3D11RHI:       0MB of dedicated video memory, 0MB of dedicated system memory, and 8172MB of shared system memory, 0 output[s]
[2016.09.22-00.38.38:628][  0]LogD3D11RHI: Chosen D3D11 Adapter: 0
[2016.09.22-00.38.38:636][  0]LogD3D11RHI: Creating new Direct3DDevice
[2016.09.22-00.38.38:637][  0]LogD3D11RHI:     Adapter Name: AMD Radeon HD 7900 Series
[2016.09.22-00.38.38:637][  0]LogD3D11RHI:   Driver Version: 20.19.0.32832 (internal 20.19.0.32832)
[2016.09.22-00.38.38:637][  0]LogD3D11RHI:      Driver Date: 6-30-2016
[2016.09.22-00.38.38:637][  0]LogRHI: Texture pool is 1361 MB (70% of 1945 MB)
[2016.09.22-00.38.38:645][  0]LogD3D11RHI: Async texture creation disabled: no driver support
[2016.09.22-00.38.39:074][  0]LogInit: Selected Device Profile: [WindowsNoEditor]
[2016.09.22-00.38.39:076][  0]LogContentStreaming: Texture pool size is 1000.00 MB
[2016.09.22-00.38.39:236][  0]LogInit: WinSock: version 1.1 (2.2), MaxSocks=32767, MaxUdp=65467
[2016.09.22-00.38.39:256][  0]LogSlate: SlateFontCache - WITH_FREETYPE: 1, WITH_HARFBUZZ: 1
[2016.09.22-00.38.39:256][  0]LogSlate: SlateFontCache - WITH_FREETYPE: 1, WITH_HARFBUZZ: 1
[2016.09.22-00.38.39:376][  0]LogWindowsMoviePlayer: Unable to load movie: ../../../BachelorarbeitC/Content/Movies/Default_Startup.mp4
[2016.09.22-00.38.39:477][  0]LogHMD: Failed to initialize OpenVR with code 110
[2016.09.22-00.38.39:483][  0]LogUObjectArray: 25014 objects as part of root set at end of initial load.
[2016.09.22-00.38.39:483][  0]LogUObjectAllocator: 5104896 out of 0 bytes used by permanent object pool.
[2016.09.22-00.38.39:483][  0]LogUObjectArray: CloseDisregardForGC: 0/0 objects in disregard for GC pool
[2016.09.22-00.38.39:495][  0]LogEngine: Initializing Engine...
[2016.09.22-00.38.39:598][  0]LogInit: XAudio2 using 'Lautsprecher (Logitech G35 Headset)' : 8 channels at 44.1 kHz using 16 bits per sample (channel mask 0x63f)
[2016.09.22-00.38.39:616][  0]LogInit: FAudioDevice initialized.
[2016.09.22-00.38.39:617][  0]LogInit: Texture streaming: Enabled
[2016.09.22-00.38.39:618][  0]LogModuleManager:Warning: ModuleManager: Module 'MessagingRpc' not found - its StaticallyLinkedModuleInitializers function is null.
[2016.09.22-00.38.39:618][  0]LogModuleManager:Warning: ModuleManager: Module 'PortalRpc' not found - its StaticallyLinkedModuleInitializers function is null.
[2016.09.22-00.38.39:618][  0]LogModuleManager:Warning: ModuleManager: Module 'PortalServices' not found - its StaticallyLinkedModuleInitializers function is null.
[2016.09.22-00.38.39:649][  0]LogNet: Browse: /Game/Level/Testlevel?Name=Player
[2016.09.22-00.38.39:649][  0]LogLoad: LoadMap: /Game/Level/Testlevel?Name=Player
[2016.09.22-00.38.39:667][  0]LogMemory: Platform Memory Stats for WindowsNoEditor
[2016.09.22-00.38.39:667][  0]LogMemory: Process Physical Memory: 170.44 MB used, 170.44 MB peak
[2016.09.22-00.38.39:667][  0]LogMemory: Process Virtual Memory: 257.33 MB used, 257.34 MB peak
[2016.09.22-00.38.39:667][  0]LogMemory: Physical Memory: 6569.53 MB used, 16344.70 MB total
[2016.09.22-00.38.39:667][  0]LogMemory: Virtual Memory: 638.63 MB used, 134217728.00 MB total
[2016.09.22-00.38.39:667][  0]LogMemory: 
[2016.09.22-00.38.39:667][  0]LogMemory: Allocator Stats for binned:
[2016.09.22-00.38.39:667][  0]LogMemory: Current Memory 81.56 MB used, plus 5.50 MB waste
[2016.09.22-00.38.39:667][  0]LogMemory: Peak Memory 84.35 MB used, plus 3.90 MB waste
[2016.09.22-00.38.39:667][  0]LogMemory: Current OS Memory 87.06 MB, peak 88.25 MB
[2016.09.22-00.38.39:667][  0]LogMemory: Current Waste 1.25 MB, peak 1.53 MB
[2016.09.22-00.38.39:667][  0]LogMemory: Current Used 81.56 MB, peak 84.35 MB
[2016.09.22-00.38.39:667][  0]LogMemory: Current Slack 4.26 MB
[2016.09.22-00.38.39:667][  0]LogMemory: Allocs       134722 Current /  883544 Total
[2016.09.22-00.38.39:667][  0]LogMemory: 
[2016.09.22-00.38.39:667][  0]LogMemory: Block Size Num Pools Max Pools Cur Allocs Total Allocs Min Req Max Req Mem Used Mem Slack Mem Waste Efficiency
[2016.09.22-00.38.39:667][  0]LogMemory: ---------- --------- --------- ---------- ------------ ------- ------- -------- --------- --------- ----------
[2016.09.22-00.38.39:667][  0]LogMemory:          8         0         0          0            0       8       0       0K        0K        0K    100.00%
[2016.09.22-00.38.39:667][  0]LogMemory:         16         6         6      20539       282233      16      16     320K       64K        0K    100.00%
[2016.09.22-00.38.39:667][  0]LogMemory:         32        11        11      20849        86180      17      32     651K       53K       60K     91.48%
[2016.09.22-00.38.39:667][  0]LogMemory:         48         9         9      10100        42099      33      48     473K      103K       59K     89.76%
[2016.09.22-00.38.39:667][  0]LogMemory:         64        18        18      18145        95072      49      64    1134K       18K      116K     89.93%
[2016.09.22-00.38.39:667][  0]LogMemory:         80        10        10       7573        63402      65      80     591K       49K       38K     94.06%
[2016.09.22-00.38.39:667][  0]LogMemory:         96         6         6       3611        31322      81      96     338K       46K       21K     94.53%
[2016.09.22-00.38.39:667][  0]LogMemory:        112         6         6       2923        18929      97     112     319K       65K       19K     95.05%
[2016.09.22-00.38.39:667][  0]LogMemory:        128        17        17       8572        24424     113     128    1071K       17K       42K     96.14%
[2016.09.22-00.38.39:667][  0]LogMemory:        160        38        38      15229        43122     129     160    2379K       50K      187K     92.31%
[2016.09.22-00.38.39:667][  0]LogMemory:        192        23        23       7167        56853     161     192    1343K      128K       74K     94.97%
[2016.09.22-00.38.39:667][  0]LogMemory:        224         5         5       1306        17260     193     224     285K       35K       19K     94.06%
[2016.09.22-00.38.39:667][  0]LogMemory:        256        22        38       5425        40771     226     256    1356K       52K      119K     91.55%
[2016.09.22-00.38.39:667][  0]LogMemory:        288         5         5        962         6758     257     288     270K       50K       15K     95.31%
[2016.09.22-00.38.39:667][  0]LogMemory:        320         4         4        635        26309     290     320     198K       57K       17K     93.36%
[2016.09.22-00.38.39:667][  0]LogMemory:        384        16        16       2597        11862     322     384     973K       47K       60K     94.14%
[2016.09.22-00.38.39:667][  0]LogMemory:        448         5         5        619         8053     386     448     270K       50K       28K     91.25%
[2016.09.22-00.38.39:667][  0]LogMemory:        512         5         6        601         7724     450     512     300K       20K       21K     93.44%
[2016.09.22-00.38.39:667][  0]LogMemory:        576        24        24       2677         4189     514     576    1505K       21K       71K     95.38%
[2016.09.22-00.38.39:667][  0]LogMemory:        640         2         2        184          452     578     640     115K       13K        5K     96.09%
[2016.09.22-00.38.39:667][  0]LogMemory:        704        21        21       1348         2177     641     704     926K      417K       36K     97.32%
[2016.09.22-00.38.39:667][  0]LogMemory:        768        12        13        671         1338     706     768     503K      262K        9K     98.83%
[2016.09.22-00.38.39:667][  0]LogMemory:        896        13        13        598         1520     769     896     523K      308K       45K     94.59%
[2016.09.22-00.38.39:667][  0]LogMemory:       1024         3         4        129          512     904    1024     129K       63K        2K     98.96%
[2016.09.22-00.38.39:667][  0]LogMemory:       1168         3         3        144          381    1025    1168     164K       28K        9K     95.31%
[2016.09.22-00.38.39:667][  0]LogMemory:       1360         5         5        178         1178    1171    1360     236K       83K       24K     92.50%
[2016.09.22-00.38.39:667][  0]LogMemory:       1632        11        11        393          766    1365    1632     626K       76K       46K     93.47%
[2016.09.22-00.38.39:667][  0]LogMemory:       2048        13        14        264         1041    1635    2048     528K      304K       59K     92.91%
[2016.09.22-00.38.39:667][  0]LogMemory:       2336         4         4         91         1679    2050    2336     207K       49K       23K     91.02%
[2016.09.22-00.38.39:667][  0]LogMemory:       2720         4         4         74          449    2339    2711     196K       59K       10K     96.09%
[2016.09.22-00.38.39:667][  0]LogMemory:       3264        10        10        152         1369    2724    3264     484K      154K       32K     95.00%
[2016.09.22-00.38.39:667][  0]LogMemory:       4096        19        20        220          915    3266    4096     880K      336K       74K     93.91%
[2016.09.22-00.38.39:667][  0]LogMemory:       4672        13        14        130          477    4103    4671     593K      238K       33K     96.03%
[2016.09.22-00.38.39:667][  0]LogMemory:       5456        14        15        108          445    4675    5447     575K      321K       47K     94.75%
[2016.09.22-00.38.39:667][  0]LogMemory:       6544        15        17        118          357    5459    6543     754K      205K       62K     93.54%
[2016.09.22-00.38.39:667][  0]LogMemory:       8192         8        10         59          925    6549    8192     472K       40K       36K     92.97%
[2016.09.22-00.38.39:667][  0]LogMemory:       9360         8         8         51          105    8194    9360     466K       46K       27K     94.73%
[2016.09.22-00.38.39:667][  0]LogMemory:      10912         6         6         32           48    9383   10891     341K       43K       31K     91.93%
[2016.09.22-00.38.39:667][  0]LogMemory:      13104        11        11         52           98   10936   13056     665K       39K       60K     91.48%
[2016.09.22-00.38.39:667][  0]LogMemory:      16384         8        10         30          144   13105   16384     480K       32K       32K     93.75%
[2016.09.22-00.38.39:667][  0]LogMemory:      21840        18        19         51          111   16400   21412    1087K       65K      176K     84.72%
[2016.09.22-00.38.39:667][  0]LogMemory:      32768        11        12         21           88   21904   32640     672K       32K      155K     77.98%
[2016.09.22-00.38.39:667][  0]LogMemory:      49152         4         5         15          235       0   49152     720K       48K      214K     72.14%
[2016.09.22-00.38.39:667][  0]LogMemory:      98304         3         3         10           26       0   96976     960K      192K      200K     82.64%
[2016.09.22-00.38.39:667][  0]LogMemory: 
[2016.09.22-00.38.39:667][  0]LogMemory: 31488K allocated in pools (with 4378K slack and 2413K waste). Efficiency 92.34%
[2016.09.22-00.38.39:667][  0]LogMemory: Allocations 134654 Current / 883399 Total (in 469 pools)
[2016.09.22-00.38.39:667][  0]LogMemory: 
[2016.09.22-00.38.40:090][  0]LogMaterial: Can't compile M_CustomDepthBillboard with cooked content, will use default material instead
[2016.09.22-00.38.40:090][  0]LogMaterial:Warning: Failed to compile Material /Game/KiteDemo/Environments/Trees/HillTree_02/M_CustomDepthBillboard.M_CustomDepthBillboard for platform PCD3D_SM5, Default Material will be used in game.
[2016.09.22-00.38.40:100][  0]LogModuleManager:Warning: ModuleManager: Module 'GameplayDebugger' not found - its StaticallyLinkedModuleInitializers function is null.
[2016.09.22-00.38.40:100][  0]LogAIModule: Creating AISystem for world Testlevel
[2016.09.22-00.38.40:137][  0]LogWorld: Game class is 'FirstPersonGameMode_C'
[2016.09.22-00.38.40:143][  0]LogWorld: Bringing World /Game/Level/Testlevel.Testlevel up for play (max tick rate 0) at 2016.09.22-02.38.40
[2016.09.22-00.38.40:144][  0]LogWorld: Bringing up level for play took: 0.004667
[2016.09.22-00.38.40:218][  0]LogInit:Display: Game Engine Initialized.
[2016.09.22-00.38.40:424][  0]LogLoad: Full Startup: 2.98 seconds (BP compile: 0.00 seconds)
[2016.09.22-00.38.40:424][  0]LogExternalProfiler: Found external profiler: VSPerf
[2016.09.22-00.38.40:424][  0]LogExternalProfiler: Using external profiler: VSPerf
[2016.09.22-00.38.40:442][  0]LogOcInput: OculusInput pre-init called
[2016.09.22-00.38.40:602][  0]LogRenderer: Reallocating scene render targets to support 2296x1436 (Frame:2).
[2016.09.22-00.38.40:872][  0]LogRenderer: Reallocating scene render targets to support 2296x1420 (Frame:3).
[2016.09.22-00.38.40:928][  3]LogRenderTargetPool:Warning: r.RenderTargetPoolMin exceeded 464/400 MB (ok in editor, bad on fixed memory platform)
[2016.09.22-00.38.43:325][119]LogRenderer: Reallocating scene render targets to support 2296x1436 (Frame:122).
[2016.09.22-00.38.43:363][120]LogRenderer: Reallocating scene render targets to support 2296x1420 (Frame:124).
[2016.09.22-00.38.45:219][196]LogPackageName: SearchForPackageOnDisk took   0.318s to resolve FirstSzenario.umap.
[2016.09.22-00.38.45:523][196]LogPackageName: SearchForPackageOnDisk took   0.301s to resolve FirstSzenario.umap.
[2016.09.22-00.38.45:523][196]LogNet: Browse: /Game/Szenarios/FirstSzenario/FirstSzenario
[2016.09.22-00.38.45:523][196]LogLoad: LoadMap: /Game/Szenarios/FirstSzenario/FirstSzenario
[2016.09.22-00.38.45:562][196]LogMemory: Platform Memory Stats for WindowsNoEditor
[2016.09.22-00.38.45:562][196]LogMemory: Process Physical Memory: 254.76 MB used, 345.25 MB peak
[2016.09.22-00.38.45:562][196]LogMemory: Process Virtual Memory: 1559.84 MB used, 1811.93 MB peak
[2016.09.22-00.38.45:562][196]LogMemory: Physical Memory: 6848.63 MB used, 16344.70 MB total
[2016.09.22-00.38.45:562][196]LogMemory: Virtual Memory: 2110.55 MB used, 134217728.00 MB total
[2016.09.22-00.38.45:562][196]LogMemory: 
[2016.09.22-00.38.45:563][196]LogMemory: Allocator Stats for binned:
[2016.09.22-00.38.45:563][196]LogMemory: Current Memory 100.54 MB used, plus 15.71 MB waste
[2016.09.22-00.38.45:563][196]LogMemory: Peak Memory 285.91 MB used, plus 8.71 MB waste
[2016.09.22-00.38.45:563][196]LogMemory: Current OS Memory 116.25 MB, peak 294.63 MB
[2016.09.22-00.38.45:564][196]LogMemory: Current Waste 2.14 MB, peak 2.48 MB
[2016.09.22-00.38.45:564][196]LogMemory: Current Used 100.54 MB, peak 285.91 MB
[2016.09.22-00.38.45:564][196]LogMemory: Current Slack 13.57 MB
[2016.09.22-00.38.45:564][196]LogMemory: Allocs       158689 Current /  2428483 Total
[2016.09.22-00.38.45:564][196]LogMemory: 
[2016.09.22-00.38.45:564][196]LogMemory: Block Size Num Pools Max Pools Cur Allocs Total Allocs Min Req Max Req Mem Used Mem Slack Mem Waste Efficiency
[2016.09.22-00.38.45:564][196]LogMemory: ---------- --------- --------- ---------- ------------ ------- ------- -------- --------- --------- ----------
[2016.09.22-00.38.45:564][196]LogMemory:          8         0         0          0            0       8       0       0K        0K        0K    100.00%
[2016.09.22-00.38.45:564][196]LogMemory:         16        10        10      24763       648581      16      16     386K      254K        0K    100.00%
[2016.09.22-00.38.45:564][196]LogMemory:         32        16        16      28189       148550      17      32     880K      144K       92K     91.02%
[2016.09.22-00.38.45:564][196]LogMemory:         48        12        12      13318        94467      33      48     624K      144K       71K     90.76%
[2016.09.22-00.38.45:564][196]LogMemory:         64        23        23      20095       238414      49      64    1255K      217K      150K     89.81%
[2016.09.22-00.38.45:564][196]LogMemory:         80        15        15       9734       146326      65      80     760K      200K       54K     94.38%
[2016.09.22-00.38.45:564][196]LogMemory:         96         9         9       4163       153944      81      96     390K      186K       29K     94.97%
[2016.09.22-00.38.45:564][196]LogMemory:        112         7         7       3313       132243      97     112     362K       86K       15K     96.65%
[2016.09.22-00.38.45:564][196]LogMemory:        128        22        23       8835       133319     113     128    1104K      304K       55K     96.09%
[2016.09.22-00.38.45:564][196]LogMemory:        160        44        45      15659       175262     129     160    2446K      366K      245K     91.30%
[2016.09.22-00.38.45:564][196]LogMemory:        192        30        30       8351       139774     161     192    1565K      354K      108K     94.38%
[2016.09.22-00.38.45:564][196]LogMemory:        224         7         7       1321       130635     193     224     288K      160K       18K     95.98%
[2016.09.22-00.38.45:564][196]LogMemory:        256        26        38       5537        80898     225     256    1384K      280K      109K     93.45%
[2016.09.22-00.38.45:564][196]LogMemory:        288         7         7        985        13025     257     288     277K      170K       16K     96.43%
[2016.09.22-00.38.45:564][196]LogMemory:        320         5         5        643        72062     289     320     200K      119K       17K     94.69%
[2016.09.22-00.38.45:564][196]LogMemory:        384        21        23       2777        21841     322     384    1041K      298K       84K     93.75%
[2016.09.22-00.38.45:564][196]LogMemory:        448         8         9        628        18871     386     448     274K      237K       26K     94.92%
[2016.09.22-00.38.45:564][196]LogMemory:        512         8         8        630        26939     450     512     315K      197K       21K     95.90%
[2016.09.22-00.38.45:564][196]LogMemory:        576        27        29       2765         6784     514     576    1555K      162K       90K     94.79%
[2016.09.22-00.38.45:564][196]LogMemory:        640         3         3        193         1546     577     640     120K       72K        5K     97.40%
[2016.09.22-00.38.45:564][196]LogMemory:        704        37        37       1634         4468     641     704    1123K     1243K       47K     98.02%
[2016.09.22-00.38.45:564][196]LogMemory:        768        18        23        702         2786     705     768     526K      622K       10K     99.13%
[2016.09.22-00.38.45:564][196]LogMemory:        896        20        26        617         3216     769     896     539K      739K       53K     95.86%
[2016.09.22-00.38.45:564][196]LogMemory:       1024         7         7        297         1811     901    1024     297K      151K        6K     98.66%
[2016.09.22-00.38.45:564][196]LogMemory:       1168         6         7        193         1770    1025    1168     220K      164K       10K     97.40%
[2016.09.22-00.38.45:564][196]LogMemory:       1360         9        10        231         2759    1169    1360     306K      268K       32K     94.44%
[2016.09.22-00.38.45:564][196]LogMemory:       1632        14        14        426         1146    1364    1632     678K      215K       57K     93.64%
[2016.09.22-00.38.45:564][196]LogMemory:       2048        20        21        310         2800    1635    2048     620K      660K       60K     95.31%
[2016.09.22-00.38.45:564][196]LogMemory:       2336         7        10        105         4228    2050    2336     239K      209K       23K     94.87%
[2016.09.22-00.38.45:564][196]LogMemory:       2720         7         8        105          867    2339    2719     278K      169K       22K     95.09%
[2016.09.22-00.38.45:564][196]LogMemory:       3264        18        18        225         6861    2722    3264     717K      431K       73K     93.66%
[2016.09.22-00.38.45:564][196]LogMemory:       4096        40        40        462         2227    3266    4096    1848K      712K      147K     94.26%
[2016.09.22-00.38.45:564][196]LogMemory:       4672        27        28        255         1114    4098    4672    1163K      562K       66K     96.18%
[2016.09.22-00.38.45:564][196]LogMemory:       5456        32        32        264          908    4675    5456    1406K      640K      122K     94.04%
[2016.09.22-00.38.45:564][196]LogMemory:       6544        36        37        249         1042    5459    6543    1591K      710K      124K     94.62%
[2016.09.22-00.38.45:564][196]LogMemory:       8192        30        35        158         1604    6548    8192    1264K      656K      132K     93.13%
[2016.09.22-00.38.45:564][196]LogMemory:       9360        11        12         69          206    8194    9360     630K       74K       44K     93.75%
[2016.09.22-00.38.45:564][196]LogMemory:      10912         9        10         43          697    9383   10891     458K      118K       40K     93.06%
[2016.09.22-00.38.45:564][196]LogMemory:      13104        17        19         81          405   10936   13102    1036K       52K       95K     91.27%
[2016.09.22-00.38.45:564][196]LogMemory:      16384        15        21         47         1036   13105   16384     752K      208K       35K     96.35%
[2016.09.22-00.38.45:564][196]LogMemory:      21840        25        28         65          611   16400   21639    1386K      214K      208K     87.00%
[2016.09.22-00.38.45:564][196]LogMemory:      32768        18        23         30          332   21864   32640     960K      192K      172K     85.07%
[2016.09.22-00.38.45:564][196]LogMemory:      49152         8        10         18          474       0   49152     864K      672K      219K     85.74%
[2016.09.22-00.38.45:564][196]LogMemory:      98304         4         5         13           37       0   96976    1248K      288K      248K     83.85%
[2016.09.22-00.38.45:564][196]LogMemory: 
[2016.09.22-00.38.45:564][196]LogMemory: 49344K allocated in pools (with 13919K slack and 3250K waste). Efficiency 93.41%
[2016.09.22-00.38.45:564][196]LogMemory: Allocations 158499 Current / 2426887 Total (in 735 pools)
[2016.09.22-00.38.45:564][196]LogMemory: 
[2016.09.22-00.38.46:122][196]LogMaterial: Can't compile M_CustomDepthBillboard with cooked content, will use default material instead
[2016.09.22-00.38.46:122][196]LogMaterial:Warning: Failed to compile Material /Game/KiteDemo/Environments/Trees/HillTree_02/M_CustomDepthBillboard.M_CustomDepthBillboard for platform PCD3D_SM5, Default Material will be used in game.
[2016.09.22-00.38.46:202][196]LogAIModule: Creating AISystem for world FirstSzenario
[2016.09.22-00.38.46:231][196]LogWorld: Game class is 'FirstPersonGameMode_C'
[2016.09.22-00.38.46:242][196]LogWorld: Bringing World /Game/Szenarios/FirstSzenario/FirstSzenario.FirstSzenario up for play (max tick rate 0) at 2016.09.22-02.38.46
[2016.09.22-00.38.46:243][196]LogWorld: Bringing up level for play took: 0.010236
[2016.09.22-00.38.46:273][197]LogCharacterMovement:Warning: GetSimulationTimeStep() - Max iterations 8 hit while remaining time 0.099281 > MaxSimulationTimeStep (0.050) for 'Deer_Evo_C_5', movement 'Walking'
[2016.09.22-00.39.01:359][815]LogScript:Warning: Attempted to access Capsule via property K2Node_Event_OtherComp, but Capsule is pending kill
	FirstPersonProjectile_C /Game/Szenarios/FirstSzenario/FirstSzenario.FirstSzenario:PersistentLevel.FirstPersonProjectile_C_8
	Function /Game/FirstPersonBP/Blueprints/FirstPersonProjectile.FirstPersonProjectile_C:ExecuteUbergraph_FirstPersonProjectile:00A1
[2016.09.22-00.39.07:692][152]LogScript:Warning: Attempted to access Capsule via property K2Node_Event_OtherComp, but Capsule is pending kill
	FirstPersonProjectile_C /Game/Szenarios/FirstSzenario/FirstSzenario.FirstSzenario:PersistentLevel.FirstPersonProjectile_C_18
	Function /Game/FirstPersonBP/Blueprints/FirstPersonProjectile.FirstPersonProjectile_C:ExecuteUbergraph_FirstPersonProjectile:00A1
[2016.09.22-00.39.34:462][302]LogWindowsTextInputMethodSystem:Display: IME system now deactivated.
[2016.09.22-00.39.34:468][302]LogEngine: All Windows Closed
[2016.09.22-00.39.34:468][302]LogWindows: FPlatformMisc::RequestExit(0)
[2016.09.22-00.39.34:572][303]LogExit: Preparing to exit.
[2016.09.22-00.39.34:683][303]LogExit: Game engine shut down
[2016.09.22-00.39.34:758][303]LogObj: Freed 32b from 1 cluster array pools.
[2016.09.22-00.39.34:758][303]LogExit: Object subsystem successfully closed.
[2016.09.22-00.39.34:770][303]LogD3D11RHI: Shutdown
[2016.09.22-00.39.34:770][303]LogD3D11RHI: CleanupD3DDevice
[2016.09.22-00.39.34:771][303]LogD3D11RHI: ~FD3D11DynamicRHI
[2016.09.22-00.39.34:771][303]LogModuleManager:Warning: ModuleManager: Module 'DerivedDataCache' not found - its StaticallyLinkedModuleInitializers function is null.
[2016.09.22-00.39.34:771][303]LogModuleManager: Shutting down and abandoning module AutomationController (63)
[2016.09.22-00.39.34:771][303]LogModuleManager: Shutting down and abandoning module AutomationWorker (62)
[2016.09.22-00.39.34:771][303]LogModuleManager: Shutting down and abandoning module CharacterAI (61)
[2016.09.22-00.39.34:771][303]LogModuleManager: Shutting down and abandoning module AIModule (59)
[2016.09.22-00.39.34:771][303]LogModuleManager: Shutting down and abandoning module StreamingPauseRendering (58)
[2016.09.22-00.39.34:771][303]LogModuleManager: Shutting down and abandoning module AnalyticsET (57)
[2016.09.22-00.39.34:771][303]LogModuleManager: Shutting down and abandoning module Analytics (56)
[2016.09.22-00.39.34:771][303]LogModuleManager: Shutting down and abandoning module ProfilerService (52)
[2016.09.22-00.39.35:000][303]LogModuleManager: Shutting down and abandoning module TaskGraph (51)
[2016.09.22-00.39.35:000][303]LogModuleManager: Shutting down and abandoning module HTML5Networking (50)
[2016.09.22-00.39.35:000][303]LogModuleManager: Shutting down and abandoning module ArchVisCharacter (49)
[2016.09.22-00.39.35:000][303]LogModuleManager: Shutting down and abandoning module CableComponent (48)
[2016.09.22-00.39.35:000][303]LogModuleManager: Shutting down and abandoning module CustomMeshComponent (47)
[2016.09.22-00.39.35:000][303]LogModuleManager: Shutting down and abandoning module OculusInput (46)
[2016.09.22-00.39.35:000][303]LogModuleManager: Shutting down and abandoning module OculusLibrary (45)
[2016.09.22-00.39.35:000][303]LogModuleManager: Shutting down and abandoning module ProceduralMeshComponent (44)
[2016.09.22-00.39.35:000][303]LogModuleManager: Shutting down and abandoning module SteamVRController (43)
[2016.09.22-00.39.35:000][303]LogModuleManager: Shutting down and abandoning module SteamVR (42)
[2016.09.22-00.39.35:000][303]LogModuleManager: Shutting down and abandoning module SlateRemote (41)
[2016.09.22-00.39.35:000][303]LogModuleManager: Shutting down and abandoning module BachelorarbeitC (40)
[2016.09.22-00.39.35:000][303]LogModuleManager: Shutting down and abandoning module Paper2D (39)
[2016.09.22-00.39.35:000][303]LogModuleManager: Shutting down and abandoning module LightPropagationVolumeRuntime (38)
[2016.09.22-00.39.35:000][303]LogModuleManager: Shutting down and abandoning module UdpMessaging (37)
[2016.09.22-00.39.35:000][303]LogModuleManager: Shutting down and abandoning module Media (36)
[2016.09.22-00.39.35:000][303]LogModuleManager: Shutting down and abandoning module WmfMedia (35)
[2016.09.22-00.39.35:000][303]LogModuleManager: Shutting down and abandoning module WindowsMoviePlayer (34)
[2016.09.22-00.39.35:002][303]LogModuleManager: Shutting down and abandoning module ImageWrapper (33)
[2016.09.22-00.39.35:002][303]LogModuleManager: Shutting down and abandoning module MediaAssets (32)
[2016.09.22-00.39.35:002][303]LogModuleManager: Shutting down and abandoning module GameLiveStreaming (31)
[2016.09.22-00.39.35:002][303]LogModuleManager: Shutting down and abandoning module UMG (30)
[2016.09.22-00.39.35:002][303]LogModuleManager: Shutting down and abandoning module SlateReflector (29)
[2016.09.22-00.39.35:003][303]LogModuleManager: Shutting down and abandoning module Slate (28)
[2016.09.22-00.39.35:003][303]LogModuleManager: Shutting down and abandoning module SessionServices (27)
[2016.09.22-00.39.35:003][303]LogModuleManager: Shutting down and abandoning module Messaging (26)
[2016.09.22-00.39.35:003][303]LogModuleManager: Shutting down and abandoning module HeadMountedDisplay (25)
[2016.09.22-00.39.35:003][303]LogModuleManager: Shutting down and abandoning module XAudio2 (24)
[2016.09.22-00.39.35:003][303]LogModuleManager: Shutting down and abandoning module Networking (22)
[2016.09.22-00.39.35:003][303]LogModuleManager: Shutting down and abandoning module Core (21)
[2016.09.22-00.39.35:003][303]LogModuleManager: Shutting down and abandoning module InputCore (20)
[2016.09.22-00.39.35:003][303]LogModuleManager: Shutting down and abandoning module OnlineSubsystem (18)
[2016.09.22-00.39.35:003][303]LogModuleManager: Shutting down and abandoning module HTTP (17)
[2016.09.22-00.39.37:006][303]LogModuleManager: Shutting down and abandoning module ExampleDeviceProfileSelector (16)
[2016.09.22-00.39.37:006][303]LogModuleManager: Shutting down and abandoning module OculusRift (15)
[2016.09.22-00.39.37:007][303]LogModuleManager: Shutting down and abandoning module ShaderCore (14)
[2016.09.22-00.39.37:007][303]LogModuleManager: Shutting down and abandoning module Landscape (13)
[2016.09.22-00.39.37:007][303]LogModuleManager: Shutting down and abandoning module SlateRHIRenderer (12)
[2016.09.22-00.39.37:008][303]LogModuleManager: Shutting down and abandoning module OpenGLDrv (11)
[2016.09.22-00.39.37:008][303]LogModuleManager: Shutting down and abandoning module D3D11RHI (10)
[2016.09.22-00.39.37:008][303]LogModuleManager: Shutting down and abandoning module AnimGraphRuntime (9)
[2016.09.22-00.39.37:008][303]LogModuleManager: Shutting down and abandoning module Renderer (8)
[2016.09.22-00.39.37:008][303]LogModuleManager: Shutting down and abandoning module Engine (7)
[2016.09.22-00.39.37:008][303]LogModuleManager: Shutting down and abandoning module CoreUObject (6)
[2016.09.22-00.39.37:008][303]LogModuleManager: Shutting down and abandoning module NetworkFile (5)
[2016.09.22-00.39.37:008][303]LogModuleManager: Shutting down and abandoning module StreamingFile (4)
[2016.09.22-00.39.37:008][303]LogModuleManager: Shutting down and abandoning module SandboxFile (3)
[2016.09.22-00.39.37:008][303]LogModuleManager: Shutting down and abandoning module PakFile (1)
[2016.09.22-00.39.37:009][303]LogExit: Exiting.
[2016.09.22-00.39.37:012][303]Log file closed, 09/22/16 02:39:37
